[2022-03-09T04:00:08.054Z][QUERY]: START TRANSACTION
[2022-03-09T04:00:08.061Z][QUERY]: SELECT DATABASE() AS `db_name`
[2022-03-09T04:00:08.066Z][QUERY]: 
                        SELECT `TABLE_SCHEMA`,
                               `TABLE_NAME`
                        FROM `INFORMATION_SCHEMA`.`TABLES`
                        WHERE `TABLE_SCHEMA` = 'capilog_database'
                          AND `TABLE_NAME` = 'processes'
                     UNION 
                        SELECT `TABLE_SCHEMA`,
                               `TABLE_NAME`
                        FROM `INFORMATION_SCHEMA`.`TABLES`
                        WHERE `TABLE_SCHEMA` = 'capilog_database'
                          AND `TABLE_NAME` = 'roles'
                     UNION 
                        SELECT `TABLE_SCHEMA`,
                               `TABLE_NAME`
                        FROM `INFORMATION_SCHEMA`.`TABLES`
                        WHERE `TABLE_SCHEMA` = 'capilog_database'
                          AND `TABLE_NAME` = 'users'
                     UNION 
                        SELECT `TABLE_SCHEMA`,
                               `TABLE_NAME`
                        FROM `INFORMATION_SCHEMA`.`TABLES`
                        WHERE `TABLE_SCHEMA` = 'capilog_database'
                          AND `TABLE_NAME` = 'farms'
                     UNION 
                        SELECT `TABLE_SCHEMA`,
                               `TABLE_NAME`
                        FROM `INFORMATION_SCHEMA`.`TABLES`
                        WHERE `TABLE_SCHEMA` = 'capilog_database'
                          AND `TABLE_NAME` = 'processes_users'
                    
[2022-03-09T04:00:08.074Z][QUERY]: 
                SELECT
                    *
                FROM
                    `INFORMATION_SCHEMA`.`COLUMNS`
                WHERE
                    `TABLE_SCHEMA` = 'capilog_database'
                    AND
                    `TABLE_NAME` = 'processes'
                 UNION 
                SELECT
                    *
                FROM
                    `INFORMATION_SCHEMA`.`COLUMNS`
                WHERE
                    `TABLE_SCHEMA` = 'capilog_database'
                    AND
                    `TABLE_NAME` = 'roles'
                 UNION 
                SELECT
                    *
                FROM
                    `INFORMATION_SCHEMA`.`COLUMNS`
                WHERE
                    `TABLE_SCHEMA` = 'capilog_database'
                    AND
                    `TABLE_NAME` = 'users'
                 UNION 
                SELECT
                    *
                FROM
                    `INFORMATION_SCHEMA`.`COLUMNS`
                WHERE
                    `TABLE_SCHEMA` = 'capilog_database'
                    AND
                    `TABLE_NAME` = 'farms'
                 UNION 
                SELECT
                    *
                FROM
                    `INFORMATION_SCHEMA`.`COLUMNS`
                WHERE
                    `TABLE_SCHEMA` = 'capilog_database'
                    AND
                    `TABLE_NAME` = 'processes_users'
                
[2022-03-09T04:00:08.075Z][QUERY]: SELECT * FROM (
                SELECT
                    *
                FROM `INFORMATION_SCHEMA`.`KEY_COLUMN_USAGE` `kcu`
                WHERE
                    `kcu`.`TABLE_SCHEMA` = 'capilog_database'
                    AND
                    `kcu`.`TABLE_NAME` = 'processes'
             UNION 
                SELECT
                    *
                FROM `INFORMATION_SCHEMA`.`KEY_COLUMN_USAGE` `kcu`
                WHERE
                    `kcu`.`TABLE_SCHEMA` = 'capilog_database'
                    AND
                    `kcu`.`TABLE_NAME` = 'roles'
             UNION 
                SELECT
                    *
                FROM `INFORMATION_SCHEMA`.`KEY_COLUMN_USAGE` `kcu`
                WHERE
                    `kcu`.`TABLE_SCHEMA` = 'capilog_database'
                    AND
                    `kcu`.`TABLE_NAME` = 'users'
             UNION 
                SELECT
                    *
                FROM `INFORMATION_SCHEMA`.`KEY_COLUMN_USAGE` `kcu`
                WHERE
                    `kcu`.`TABLE_SCHEMA` = 'capilog_database'
                    AND
                    `kcu`.`TABLE_NAME` = 'farms'
             UNION 
                SELECT
                    *
                FROM `INFORMATION_SCHEMA`.`KEY_COLUMN_USAGE` `kcu`
                WHERE
                    `kcu`.`TABLE_SCHEMA` = 'capilog_database'
                    AND
                    `kcu`.`TABLE_NAME` = 'processes_users'
            ) `kcu` WHERE `CONSTRAINT_NAME` = 'PRIMARY'
[2022-03-09T04:00:08.076Z][QUERY]: 
            SELECT
                `SCHEMA_NAME`,
                `DEFAULT_CHARACTER_SET_NAME` as `CHARSET`,
                `DEFAULT_COLLATION_NAME` AS `COLLATION`
            FROM `INFORMATION_SCHEMA`.`SCHEMATA`
            
[2022-03-09T04:00:08.076Z][QUERY]: 
            SELECT
                `s`.*
            FROM (
                SELECT
                    *
                FROM `INFORMATION_SCHEMA`.`STATISTICS`
                WHERE
                    `TABLE_SCHEMA` = 'capilog_database'
                    AND
                    `TABLE_NAME` = 'processes'
             UNION 
                SELECT
                    *
                FROM `INFORMATION_SCHEMA`.`STATISTICS`
                WHERE
                    `TABLE_SCHEMA` = 'capilog_database'
                    AND
                    `TABLE_NAME` = 'roles'
             UNION 
                SELECT
                    *
                FROM `INFORMATION_SCHEMA`.`STATISTICS`
                WHERE
                    `TABLE_SCHEMA` = 'capilog_database'
                    AND
                    `TABLE_NAME` = 'users'
             UNION 
                SELECT
                    *
                FROM `INFORMATION_SCHEMA`.`STATISTICS`
                WHERE
                    `TABLE_SCHEMA` = 'capilog_database'
                    AND
                    `TABLE_NAME` = 'farms'
             UNION 
                SELECT
                    *
                FROM `INFORMATION_SCHEMA`.`STATISTICS`
                WHERE
                    `TABLE_SCHEMA` = 'capilog_database'
                    AND
                    `TABLE_NAME` = 'processes_users'
            ) `s`
            LEFT JOIN (
                SELECT
                    *
                FROM `INFORMATION_SCHEMA`.`REFERENTIAL_CONSTRAINTS`
                WHERE
                    `CONSTRAINT_SCHEMA` = 'capilog_database'
                    AND
                    `TABLE_NAME` = 'processes'
             UNION 
                SELECT
                    *
                FROM `INFORMATION_SCHEMA`.`REFERENTIAL_CONSTRAINTS`
                WHERE
                    `CONSTRAINT_SCHEMA` = 'capilog_database'
                    AND
                    `TABLE_NAME` = 'roles'
             UNION 
                SELECT
                    *
                FROM `INFORMATION_SCHEMA`.`REFERENTIAL_CONSTRAINTS`
                WHERE
                    `CONSTRAINT_SCHEMA` = 'capilog_database'
                    AND
                    `TABLE_NAME` = 'users'
             UNION 
                SELECT
                    *
                FROM `INFORMATION_SCHEMA`.`REFERENTIAL_CONSTRAINTS`
                WHERE
                    `CONSTRAINT_SCHEMA` = 'capilog_database'
                    AND
                    `TABLE_NAME` = 'farms'
             UNION 
                SELECT
                    *
                FROM `INFORMATION_SCHEMA`.`REFERENTIAL_CONSTRAINTS`
                WHERE
                    `CONSTRAINT_SCHEMA` = 'capilog_database'
                    AND
                    `TABLE_NAME` = 'processes_users'
            ) `rc`
                ON
                    `s`.`INDEX_NAME` = `rc`.`CONSTRAINT_NAME`
                    AND
                    `s`.`TABLE_SCHEMA` = `rc`.`CONSTRAINT_SCHEMA`
            WHERE
                `s`.`INDEX_NAME` != 'PRIMARY'
                AND
                `rc`.`CONSTRAINT_NAME` IS NULL
            
[2022-03-09T04:00:08.077Z][QUERY]: 
            SELECT
                `kcu`.`TABLE_SCHEMA`,
                `kcu`.`TABLE_NAME`,
                `kcu`.`CONSTRAINT_NAME`,
                `kcu`.`COLUMN_NAME`,
                `kcu`.`REFERENCED_TABLE_SCHEMA`,
                `kcu`.`REFERENCED_TABLE_NAME`,
                `kcu`.`REFERENCED_COLUMN_NAME`,
                `rc`.`DELETE_RULE` `ON_DELETE`,
                `rc`.`UPDATE_RULE` `ON_UPDATE`
            FROM (
                SELECT
                    *
                FROM `INFORMATION_SCHEMA`.`KEY_COLUMN_USAGE` `kcu`
                WHERE
                    `kcu`.`TABLE_SCHEMA` = 'capilog_database'
                    AND
                    `kcu`.`TABLE_NAME` = 'processes'
             UNION 
                SELECT
                    *
                FROM `INFORMATION_SCHEMA`.`KEY_COLUMN_USAGE` `kcu`
                WHERE
                    `kcu`.`TABLE_SCHEMA` = 'capilog_database'
                    AND
                    `kcu`.`TABLE_NAME` = 'roles'
             UNION 
                SELECT
                    *
                FROM `INFORMATION_SCHEMA`.`KEY_COLUMN_USAGE` `kcu`
                WHERE
                    `kcu`.`TABLE_SCHEMA` = 'capilog_database'
                    AND
                    `kcu`.`TABLE_NAME` = 'users'
             UNION 
                SELECT
                    *
                FROM `INFORMATION_SCHEMA`.`KEY_COLUMN_USAGE` `kcu`
                WHERE
                    `kcu`.`TABLE_SCHEMA` = 'capilog_database'
                    AND
                    `kcu`.`TABLE_NAME` = 'farms'
             UNION 
                SELECT
                    *
                FROM `INFORMATION_SCHEMA`.`KEY_COLUMN_USAGE` `kcu`
                WHERE
                    `kcu`.`TABLE_SCHEMA` = 'capilog_database'
                    AND
                    `kcu`.`TABLE_NAME` = 'processes_users'
            ) `kcu`
            INNER JOIN (
                SELECT
                    *
                FROM `INFORMATION_SCHEMA`.`REFERENTIAL_CONSTRAINTS`
                WHERE
                    `CONSTRAINT_SCHEMA` = 'capilog_database'
                    AND
                    `TABLE_NAME` = 'processes'
             UNION 
                SELECT
                    *
                FROM `INFORMATION_SCHEMA`.`REFERENTIAL_CONSTRAINTS`
                WHERE
                    `CONSTRAINT_SCHEMA` = 'capilog_database'
                    AND
                    `TABLE_NAME` = 'roles'
             UNION 
                SELECT
                    *
                FROM `INFORMATION_SCHEMA`.`REFERENTIAL_CONSTRAINTS`
                WHERE
                    `CONSTRAINT_SCHEMA` = 'capilog_database'
                    AND
                    `TABLE_NAME` = 'users'
             UNION 
                SELECT
                    *
                FROM `INFORMATION_SCHEMA`.`REFERENTIAL_CONSTRAINTS`
                WHERE
                    `CONSTRAINT_SCHEMA` = 'capilog_database'
                    AND
                    `TABLE_NAME` = 'farms'
             UNION 
                SELECT
                    *
                FROM `INFORMATION_SCHEMA`.`REFERENTIAL_CONSTRAINTS`
                WHERE
                    `CONSTRAINT_SCHEMA` = 'capilog_database'
                    AND
                    `TABLE_NAME` = 'processes_users'
            ) `rc`
                ON
                    `rc`.`CONSTRAINT_SCHEMA` = `kcu`.`CONSTRAINT_SCHEMA`
                    AND
                    `rc`.`TABLE_NAME` = `kcu`.`TABLE_NAME`
                    AND
                    `rc`.`CONSTRAINT_NAME` = `kcu`.`CONSTRAINT_NAME`
            
[2022-03-09T04:00:08.103Z][QUERY]: SELECT VERSION() AS `version`
[2022-03-09T04:00:08.109Z][QUERY]: SELECT * FROM `INFORMATION_SCHEMA`.`COLUMNS` WHERE `TABLE_SCHEMA` = 'capilog_database' AND `TABLE_NAME` = 'typeorm_metadata'
[2022-03-09T04:00:08.119Z][QUERY]: COMMIT
[2022-03-09T04:00:08.130Z][QUERY]: INSERT INTO `roles`(`id`, `role`) VALUES (DEFAULT, ?), (DEFAULT, ?), (DEFAULT, ?), (DEFAULT, ?), (DEFAULT, ?) -- PARAMETERS: ["ADMIN","COORDINADOR DE TRANSPORTE","COORDINADOR DE PROCESO","PORTERO","COORDINADOR DE FINCA"]
[2022-03-09T04:46:04.589Z][QUERY]: SELECT `User`.`dni` AS `User_dni`, `User`.`name` AS `User_name`, `User`.`lastname` AS `User_lastname`, `User`.`phone` AS `User_phone`, `User`.`email` AS `User_email`, `User`.`createdAt` AS `User_createdAt`, `User`.`updatedAt` AS `User_updatedAt`, `User`.`role` AS `User_role`, `User`.`farm` AS `User_farm` FROM `users` `User` WHERE dni = ? -- PARAMETERS: ["1"]
[2022-03-09T04:46:04.766Z][FAILED QUERY]: SELECT `User`.`dni` AS `User_dni`, `User`.`name` AS `User_name`, `User`.`lastname` AS `User_lastname`, `User`.`phone` AS `User_phone`, `User`.`email` AS `User_email`, `User`.`createdAt` AS `User_createdAt`, `User`.`updatedAt` AS `User_updatedAt`, `User`.`role` AS `User_role`, `User`.`farm` AS `User_farm` FROM `users` `User` WHERE dni = ? -- PARAMETERS: ["1"]
[2022-03-09T04:46:04.766Z][QUERY ERROR]: Error: ER_BAD_FIELD_ERROR: Unknown column 'User.farm' in 'field list'
[2022-03-09T04:53:54.504Z][QUERY]: SELECT `user`.`dni` AS `user_dni`, `user`.`name` AS `user_name`, `user`.`lastname` AS `user_lastname`, `user`.`phone` AS `user_phone`, `user`.`email` AS `user_email`, `user`.`createdAt` AS `user_createdAt`, `user`.`updatedAt` AS `user_updatedAt`, `user`.`role` AS `user_role`, `user`.`farm` AS `user_farm`, `user`.`password` AS `user_password`, `user`.`password` FROM `users` `user` WHERE `user`.`dni` = ? -- PARAMETERS: ["1"]
[2022-03-09T04:53:54.575Z][FAILED QUERY]: SELECT `user`.`dni` AS `user_dni`, `user`.`name` AS `user_name`, `user`.`lastname` AS `user_lastname`, `user`.`phone` AS `user_phone`, `user`.`email` AS `user_email`, `user`.`createdAt` AS `user_createdAt`, `user`.`updatedAt` AS `user_updatedAt`, `user`.`role` AS `user_role`, `user`.`farm` AS `user_farm`, `user`.`password` AS `user_password`, `user`.`password` FROM `users` `user` WHERE `user`.`dni` = ? -- PARAMETERS: ["1"]
[2022-03-09T04:53:54.575Z][QUERY ERROR]: Error: ER_BAD_FIELD_ERROR: Unknown column 'user.farm' in 'field list'
[2022-03-09T04:53:55.691Z][QUERY]: SELECT `user`.`dni` AS `user_dni`, `user`.`name` AS `user_name`, `user`.`lastname` AS `user_lastname`, `user`.`phone` AS `user_phone`, `user`.`email` AS `user_email`, `user`.`createdAt` AS `user_createdAt`, `user`.`updatedAt` AS `user_updatedAt`, `user`.`role` AS `user_role`, `user`.`farm` AS `user_farm`, `user`.`password` AS `user_password`, `user`.`password` FROM `users` `user` WHERE `user`.`dni` = ? -- PARAMETERS: ["1"]
[2022-03-09T04:53:55.697Z][FAILED QUERY]: SELECT `user`.`dni` AS `user_dni`, `user`.`name` AS `user_name`, `user`.`lastname` AS `user_lastname`, `user`.`phone` AS `user_phone`, `user`.`email` AS `user_email`, `user`.`createdAt` AS `user_createdAt`, `user`.`updatedAt` AS `user_updatedAt`, `user`.`role` AS `user_role`, `user`.`farm` AS `user_farm`, `user`.`password` AS `user_password`, `user`.`password` FROM `users` `user` WHERE `user`.`dni` = ? -- PARAMETERS: ["1"]
[2022-03-09T04:53:55.697Z][QUERY ERROR]: Error: ER_BAD_FIELD_ERROR: Unknown column 'user.farm' in 'field list'
[2022-03-09T04:57:30.658Z][QUERY]: SELECT `user`.`dni` AS `user_dni`, `user`.`name` AS `user_name`, `user`.`lastname` AS `user_lastname`, `user`.`phone` AS `user_phone`, `user`.`email` AS `user_email`, `user`.`createdAt` AS `user_createdAt`, `user`.`updatedAt` AS `user_updatedAt`, `user`.`role` AS `user_role`, `user`.`farm` AS `user_farm`, `user`.`password` AS `user_password`, `user`.`password` FROM `users` `user` WHERE `user`.`dni` = ? -- PARAMETERS: ["1"]
[2022-03-09T04:57:30.728Z][FAILED QUERY]: SELECT `user`.`dni` AS `user_dni`, `user`.`name` AS `user_name`, `user`.`lastname` AS `user_lastname`, `user`.`phone` AS `user_phone`, `user`.`email` AS `user_email`, `user`.`createdAt` AS `user_createdAt`, `user`.`updatedAt` AS `user_updatedAt`, `user`.`role` AS `user_role`, `user`.`farm` AS `user_farm`, `user`.`password` AS `user_password`, `user`.`password` FROM `users` `user` WHERE `user`.`dni` = ? -- PARAMETERS: ["1"]
[2022-03-09T04:57:30.728Z][QUERY ERROR]: Error: ER_BAD_FIELD_ERROR: Unknown column 'user.farm' in 'field list'
[2022-03-09T04:57:31.868Z][QUERY]: SELECT `user`.`dni` AS `user_dni`, `user`.`name` AS `user_name`, `user`.`lastname` AS `user_lastname`, `user`.`phone` AS `user_phone`, `user`.`email` AS `user_email`, `user`.`createdAt` AS `user_createdAt`, `user`.`updatedAt` AS `user_updatedAt`, `user`.`role` AS `user_role`, `user`.`farm` AS `user_farm`, `user`.`password` AS `user_password`, `user`.`password` FROM `users` `user` WHERE `user`.`dni` = ? -- PARAMETERS: ["1"]
[2022-03-09T04:57:31.873Z][FAILED QUERY]: SELECT `user`.`dni` AS `user_dni`, `user`.`name` AS `user_name`, `user`.`lastname` AS `user_lastname`, `user`.`phone` AS `user_phone`, `user`.`email` AS `user_email`, `user`.`createdAt` AS `user_createdAt`, `user`.`updatedAt` AS `user_updatedAt`, `user`.`role` AS `user_role`, `user`.`farm` AS `user_farm`, `user`.`password` AS `user_password`, `user`.`password` FROM `users` `user` WHERE `user`.`dni` = ? -- PARAMETERS: ["1"]
[2022-03-09T04:57:31.873Z][QUERY ERROR]: Error: ER_BAD_FIELD_ERROR: Unknown column 'user.farm' in 'field list'
[2022-03-09T05:01:06.273Z][QUERY]: SELECT `user`.`dni` AS `user_dni`, `user`.`name` AS `user_name`, `user`.`lastname` AS `user_lastname`, `user`.`phone` AS `user_phone`, `user`.`email` AS `user_email`, `user`.`createdAt` AS `user_createdAt`, `user`.`updatedAt` AS `user_updatedAt`, `user`.`role` AS `user_role`, `user`.`farm` AS `user_farm`, `user`.`password` AS `user_password`, `user`.`password` FROM `users` `user` WHERE `user`.`dni` = ? -- PARAMETERS: ["1"]
[2022-03-09T05:01:06.364Z][FAILED QUERY]: SELECT `user`.`dni` AS `user_dni`, `user`.`name` AS `user_name`, `user`.`lastname` AS `user_lastname`, `user`.`phone` AS `user_phone`, `user`.`email` AS `user_email`, `user`.`createdAt` AS `user_createdAt`, `user`.`updatedAt` AS `user_updatedAt`, `user`.`role` AS `user_role`, `user`.`farm` AS `user_farm`, `user`.`password` AS `user_password`, `user`.`password` FROM `users` `user` WHERE `user`.`dni` = ? -- PARAMETERS: ["1"]
[2022-03-09T05:01:06.364Z][QUERY ERROR]: Error: ER_BAD_FIELD_ERROR: Unknown column 'user.farm' in 'field list'
[2022-03-09T05:03:45.161Z][QUERY]: SELECT `user`.`dni` AS `user_dni`, `user`.`name` AS `user_name`, `user`.`lastname` AS `user_lastname`, `user`.`phone` AS `user_phone`, `user`.`email` AS `user_email`, `user`.`createdAt` AS `user_createdAt`, `user`.`updatedAt` AS `user_updatedAt`, `user`.`role` AS `user_role`, `user`.`farm` AS `user_farm`, `user`.`password` AS `user_password`, `user`.`password` FROM `users` `user` WHERE `user`.`dni` = ? -- PARAMETERS: ["1"]
[2022-03-09T05:03:45.240Z][FAILED QUERY]: SELECT `user`.`dni` AS `user_dni`, `user`.`name` AS `user_name`, `user`.`lastname` AS `user_lastname`, `user`.`phone` AS `user_phone`, `user`.`email` AS `user_email`, `user`.`createdAt` AS `user_createdAt`, `user`.`updatedAt` AS `user_updatedAt`, `user`.`role` AS `user_role`, `user`.`farm` AS `user_farm`, `user`.`password` AS `user_password`, `user`.`password` FROM `users` `user` WHERE `user`.`dni` = ? -- PARAMETERS: ["1"]
[2022-03-09T05:03:45.240Z][QUERY ERROR]: Error: ER_BAD_FIELD_ERROR: Unknown column 'user.farm' in 'field list'
[2022-03-09T05:04:13.897Z][QUERY]: SELECT * FROM `INFORMATION_SCHEMA`.`COLUMNS` WHERE `TABLE_SCHEMA` = 'capilog_database' AND `TABLE_NAME` = 'migrations_typeorm'
[2022-03-09T05:04:13.910Z][QUERY]: SELECT * FROM `capilog_database`.`migrations_typeorm` `migrations_typeorm` ORDER BY `id` DESC
[2022-03-09T05:04:13.915Z][QUERY]: START TRANSACTION
[2022-03-09T05:04:13.919Z][QUERY]: CREATE TABLE `processes` (`idProcess` int NOT NULL AUTO_INCREMENT, `name` varchar(255) NOT NULL, `createdAt` datetime(6) NOT NULL DEFAULT CURRENT_TIMESTAMP(6), `updatedAt` datetime(6) NOT NULL DEFAULT CURRENT_TIMESTAMP(6) ON UPDATE CURRENT_TIMESTAMP(6), PRIMARY KEY (`idProcess`)) ENGINE=InnoDB
[2022-03-09T05:04:14.435Z][QUERY]: CREATE TABLE `farms` (`idFarm` int NOT NULL AUTO_INCREMENT, `farm` varchar(255) NOT NULL, `location` varchar(255) NOT NULL, `createdAt` datetime(6) NOT NULL DEFAULT CURRENT_TIMESTAMP(6), `updatedAt` datetime(6) NOT NULL DEFAULT CURRENT_TIMESTAMP(6) ON UPDATE CURRENT_TIMESTAMP(6), PRIMARY KEY (`idFarm`)) ENGINE=InnoDB
[2022-03-09T05:04:14.465Z][QUERY]: CREATE TABLE `processes_users` (`usersDni` varchar(255) NOT NULL, `processesIdProcess` int NOT NULL, INDEX `IDX_0a9241c15109e033e203328026` (`usersDni`), INDEX `IDX_34dea2af27dadbc42837388100` (`processesIdProcess`), PRIMARY KEY (`usersDni`, `processesIdProcess`)) ENGINE=InnoDB
[2022-03-09T05:04:14.524Z][QUERY]: ALTER TABLE `users` ADD `farm` int NULL
[2022-03-09T05:04:15.068Z][QUERY]: ALTER TABLE `users` ADD CONSTRAINT `FK_57f4a13375d16586df7f00440a3` FOREIGN KEY (`farm`) REFERENCES `farms`(`idFarm`) ON DELETE NO ACTION ON UPDATE NO ACTION
[2022-03-09T05:04:15.308Z][QUERY]: ALTER TABLE `processes_users` ADD CONSTRAINT `FK_0a9241c15109e033e2033280269` FOREIGN KEY (`usersDni`) REFERENCES `users`(`dni`) ON DELETE CASCADE ON UPDATE CASCADE
[2022-03-09T05:04:15.426Z][QUERY]: ALTER TABLE `processes_users` ADD CONSTRAINT `FK_34dea2af27dadbc428373881001` FOREIGN KEY (`processesIdProcess`) REFERENCES `processes`(`idProcess`) ON DELETE NO ACTION ON UPDATE NO ACTION
[2022-03-09T05:04:15.528Z][QUERY]: INSERT INTO `capilog_database`.`migrations_typeorm`(`timestamp`, `name`) VALUES (?, ?) -- PARAMETERS: [1646802194393,"FarmsProccessesTables1646802194393"]
[2022-03-09T05:04:15.597Z][QUERY]: COMMIT
[2022-03-09T05:04:20.427Z][QUERY]: SELECT `user`.`dni` AS `user_dni`, `user`.`name` AS `user_name`, `user`.`lastname` AS `user_lastname`, `user`.`phone` AS `user_phone`, `user`.`email` AS `user_email`, `user`.`createdAt` AS `user_createdAt`, `user`.`updatedAt` AS `user_updatedAt`, `user`.`role` AS `user_role`, `user`.`farm` AS `user_farm`, `user`.`password` AS `user_password`, `user`.`password` FROM `users` `user` WHERE `user`.`dni` = ? -- PARAMETERS: ["1"]
[2022-03-09T05:05:17.570Z][QUERY]: SELECT * FROM `INFORMATION_SCHEMA`.`COLUMNS` WHERE `TABLE_SCHEMA` = 'capilog_database' AND `TABLE_NAME` = 'migrations_typeorm'
[2022-03-09T05:05:17.581Z][QUERY]: SELECT * FROM `capilog_database`.`migrations_typeorm` `migrations_typeorm` ORDER BY `id` DESC
[2022-03-09T05:05:32.617Z][QUERY]: SELECT `User`.`dni` AS `User_dni`, `User`.`name` AS `User_name`, `User`.`lastname` AS `User_lastname`, `User`.`phone` AS `User_phone`, `User`.`email` AS `User_email`, `User`.`createdAt` AS `User_createdAt`, `User`.`updatedAt` AS `User_updatedAt`, `User`.`role` AS `User_role`, `User`.`farm` AS `User_farm`, `User__role`.`id` AS `User__role_id`, `User__role`.`role` AS `User__role_role`, `User__farm`.`idFarm` AS `User__farm_idFarm`, `User__farm`.`farm` AS `User__farm_farm`, `User__farm`.`location` AS `User__farm_location`, `User__farm`.`createdAt` AS `User__farm_createdAt`, `User__farm`.`updatedAt` AS `User__farm_updatedAt` FROM `users` `User` LEFT JOIN `roles` `User__role` ON `User__role`.`id`=`User`.`role`  LEFT JOIN `farms` `User__farm` ON `User__farm`.`idFarm`=`User`.`farm` WHERE `User`.`dni` IN (?) -- PARAMETERS: ["1"]
[2022-03-09T05:06:08.241Z][QUERY]: SELECT * FROM `INFORMATION_SCHEMA`.`COLUMNS` WHERE `TABLE_SCHEMA` = 'capilog_database' AND `TABLE_NAME` = 'migrations_typeorm'
[2022-03-09T05:06:08.252Z][QUERY]: SELECT * FROM `capilog_database`.`migrations_typeorm` `migrations_typeorm` ORDER BY `id` DESC
[2022-03-09T05:06:08.749Z][QUERY]: SELECT `User`.`dni` AS `User_dni`, `User`.`name` AS `User_name`, `User`.`lastname` AS `User_lastname`, `User`.`phone` AS `User_phone`, `User`.`email` AS `User_email`, `User`.`createdAt` AS `User_createdAt`, `User`.`updatedAt` AS `User_updatedAt`, `User`.`role` AS `User_role`, `User`.`farm` AS `User_farm`, `User__role`.`id` AS `User__role_id`, `User__role`.`role` AS `User__role_role`, `User__farm`.`idFarm` AS `User__farm_idFarm`, `User__farm`.`farm` AS `User__farm_farm`, `User__farm`.`location` AS `User__farm_location`, `User__farm`.`createdAt` AS `User__farm_createdAt`, `User__farm`.`updatedAt` AS `User__farm_updatedAt` FROM `users` `User` LEFT JOIN `roles` `User__role` ON `User__role`.`id`=`User`.`role`  LEFT JOIN `farms` `User__farm` ON `User__farm`.`idFarm`=`User`.`farm` WHERE `User`.`dni` IN (?) -- PARAMETERS: ["1"]
[2022-03-09T05:06:22.910Z][QUERY]: SELECT * FROM `INFORMATION_SCHEMA`.`COLUMNS` WHERE `TABLE_SCHEMA` = 'capilog_database' AND `TABLE_NAME` = 'migrations_typeorm'
[2022-03-09T05:06:22.926Z][QUERY]: SELECT * FROM `capilog_database`.`migrations_typeorm` `migrations_typeorm` ORDER BY `id` DESC
[2022-03-09T05:06:27.211Z][QUERY]: SELECT `User`.`dni` AS `User_dni`, `User`.`name` AS `User_name`, `User`.`lastname` AS `User_lastname`, `User`.`phone` AS `User_phone`, `User`.`email` AS `User_email`, `User`.`createdAt` AS `User_createdAt`, `User`.`updatedAt` AS `User_updatedAt`, `User`.`role` AS `User_role`, `User`.`farm` AS `User_farm`, `User__role`.`id` AS `User__role_id`, `User__role`.`role` AS `User__role_role`, `User__farm`.`idFarm` AS `User__farm_idFarm`, `User__farm`.`farm` AS `User__farm_farm`, `User__farm`.`location` AS `User__farm_location`, `User__farm`.`createdAt` AS `User__farm_createdAt`, `User__farm`.`updatedAt` AS `User__farm_updatedAt` FROM `users` `User` LEFT JOIN `roles` `User__role` ON `User__role`.`id`=`User`.`role`  LEFT JOIN `farms` `User__farm` ON `User__farm`.`idFarm`=`User`.`farm` WHERE `User`.`dni` IN (?) -- PARAMETERS: ["1"]
[2022-03-09T05:07:30.090Z][QUERY]: SELECT * FROM `INFORMATION_SCHEMA`.`COLUMNS` WHERE `TABLE_SCHEMA` = 'capilog_database' AND `TABLE_NAME` = 'migrations_typeorm'
[2022-03-09T05:07:30.105Z][QUERY]: SELECT * FROM `capilog_database`.`migrations_typeorm` `migrations_typeorm` ORDER BY `id` DESC
[2022-03-09T05:07:36.526Z][QUERY]: SELECT * FROM `INFORMATION_SCHEMA`.`COLUMNS` WHERE `TABLE_SCHEMA` = 'capilog_database' AND `TABLE_NAME` = 'migrations_typeorm'
[2022-03-09T05:07:36.536Z][QUERY]: SELECT * FROM `capilog_database`.`migrations_typeorm` `migrations_typeorm` ORDER BY `id` DESC
[2022-03-09T05:07:38.382Z][QUERY]: SELECT `User`.`dni` AS `User_dni`, `User`.`name` AS `User_name`, `User`.`lastname` AS `User_lastname`, `User`.`phone` AS `User_phone`, `User`.`email` AS `User_email`, `User`.`createdAt` AS `User_createdAt`, `User`.`updatedAt` AS `User_updatedAt`, `User`.`role` AS `User_role`, `User`.`farm` AS `User_farm`, `User__role`.`id` AS `User__role_id`, `User__role`.`role` AS `User__role_role`, `User__farm`.`idFarm` AS `User__farm_idFarm`, `User__farm`.`farm` AS `User__farm_farm`, `User__farm`.`location` AS `User__farm_location`, `User__farm`.`createdAt` AS `User__farm_createdAt`, `User__farm`.`updatedAt` AS `User__farm_updatedAt` FROM `users` `User` LEFT JOIN `roles` `User__role` ON `User__role`.`id`=`User`.`role`  LEFT JOIN `farms` `User__farm` ON `User__farm`.`idFarm`=`User`.`farm` WHERE `User`.`dni` IN (?) -- PARAMETERS: ["1"]
[2022-03-09T05:08:38.615Z][QUERY]: SELECT * FROM `INFORMATION_SCHEMA`.`COLUMNS` WHERE `TABLE_SCHEMA` = 'capilog_database' AND `TABLE_NAME` = 'migrations_typeorm'
[2022-03-09T05:08:38.643Z][QUERY]: SELECT * FROM `capilog_database`.`migrations_typeorm` `migrations_typeorm` ORDER BY `id` DESC
[2022-03-09T05:08:39.555Z][QUERY]: SELECT `User`.`dni` AS `User_dni`, `User`.`name` AS `User_name`, `User`.`lastname` AS `User_lastname`, `User`.`phone` AS `User_phone`, `User`.`email` AS `User_email`, `User`.`createdAt` AS `User_createdAt`, `User`.`updatedAt` AS `User_updatedAt`, `User`.`role` AS `User_role`, `User`.`farm` AS `User_farm`, `User__role`.`id` AS `User__role_id`, `User__role`.`role` AS `User__role_role`, `User__farm`.`idFarm` AS `User__farm_idFarm`, `User__farm`.`farm` AS `User__farm_farm`, `User__farm`.`location` AS `User__farm_location`, `User__farm`.`createdAt` AS `User__farm_createdAt`, `User__farm`.`updatedAt` AS `User__farm_updatedAt` FROM `users` `User` LEFT JOIN `roles` `User__role` ON `User__role`.`id`=`User`.`role`  LEFT JOIN `farms` `User__farm` ON `User__farm`.`idFarm`=`User`.`farm` WHERE `User`.`dni` IN (?) -- PARAMETERS: ["1"]
[2022-03-09T05:09:45.776Z][QUERY]: SELECT * FROM `INFORMATION_SCHEMA`.`COLUMNS` WHERE `TABLE_SCHEMA` = 'capilog_database' AND `TABLE_NAME` = 'migrations_typeorm'
[2022-03-09T05:09:45.787Z][QUERY]: SELECT * FROM `capilog_database`.`migrations_typeorm` `migrations_typeorm` ORDER BY `id` DESC
[2022-03-09T05:09:47.618Z][QUERY]: SELECT `User`.`dni` AS `User_dni`, `User`.`name` AS `User_name`, `User`.`lastname` AS `User_lastname`, `User`.`phone` AS `User_phone`, `User`.`email` AS `User_email`, `User`.`createdAt` AS `User_createdAt`, `User`.`updatedAt` AS `User_updatedAt`, `User`.`role` AS `User_role`, `User`.`farm` AS `User_farm`, `User__role`.`id` AS `User__role_id`, `User__role`.`role` AS `User__role_role`, `User__farm`.`idFarm` AS `User__farm_idFarm`, `User__farm`.`farm` AS `User__farm_farm`, `User__farm`.`location` AS `User__farm_location`, `User__farm`.`createdAt` AS `User__farm_createdAt`, `User__farm`.`updatedAt` AS `User__farm_updatedAt` FROM `users` `User` LEFT JOIN `roles` `User__role` ON `User__role`.`id`=`User`.`role`  LEFT JOIN `farms` `User__farm` ON `User__farm`.`idFarm`=`User`.`farm` WHERE `User`.`dni` IN (?) -- PARAMETERS: ["1"]
[2022-03-09T05:09:47.634Z][QUERY]: SELECT `User`.`dni` AS `User_dni`, `User`.`name` AS `User_name`, `User`.`lastname` AS `User_lastname`, `User`.`phone` AS `User_phone`, `User`.`email` AS `User_email`, `User`.`createdAt` AS `User_createdAt`, `User`.`updatedAt` AS `User_updatedAt`, `User`.`role` AS `User_role`, `User`.`farm` AS `User_farm` FROM `users` `User` LIMIT 10
[2022-03-09T05:09:47.651Z][QUERY]: SELECT COUNT(1) AS `cnt` FROM `users` `User`
[2022-03-09T05:10:33.155Z][QUERY]: SELECT * FROM `INFORMATION_SCHEMA`.`COLUMNS` WHERE `TABLE_SCHEMA` = 'capilog_database' AND `TABLE_NAME` = 'migrations_typeorm'
[2022-03-09T05:10:33.167Z][QUERY]: SELECT * FROM `capilog_database`.`migrations_typeorm` `migrations_typeorm` ORDER BY `id` DESC
[2022-03-09T05:11:34.196Z][QUERY]: SELECT * FROM `INFORMATION_SCHEMA`.`COLUMNS` WHERE `TABLE_SCHEMA` = 'capilog_database' AND `TABLE_NAME` = 'migrations_typeorm'
[2022-03-09T05:11:34.224Z][QUERY]: SELECT * FROM `capilog_database`.`migrations_typeorm` `migrations_typeorm` ORDER BY `id` DESC
[2022-03-09T05:11:42.546Z][QUERY]: SELECT `User`.`dni` AS `User_dni`, `User`.`name` AS `User_name`, `User`.`lastname` AS `User_lastname`, `User`.`phone` AS `User_phone`, `User`.`email` AS `User_email`, `User`.`createdAt` AS `User_createdAt`, `User`.`updatedAt` AS `User_updatedAt`, `User`.`role` AS `User_role`, `User`.`farm` AS `User_farm`, `User__role`.`id` AS `User__role_id`, `User__role`.`role` AS `User__role_role`, `User__farm`.`idFarm` AS `User__farm_idFarm`, `User__farm`.`farm` AS `User__farm_farm`, `User__farm`.`location` AS `User__farm_location`, `User__farm`.`createdAt` AS `User__farm_createdAt`, `User__farm`.`updatedAt` AS `User__farm_updatedAt` FROM `users` `User` LEFT JOIN `roles` `User__role` ON `User__role`.`id`=`User`.`role`  LEFT JOIN `farms` `User__farm` ON `User__farm`.`idFarm`=`User`.`farm` WHERE `User`.`dni` IN (?) -- PARAMETERS: ["1"]
[2022-03-09T05:12:02.791Z][QUERY]: SELECT * FROM `INFORMATION_SCHEMA`.`COLUMNS` WHERE `TABLE_SCHEMA` = 'capilog_database' AND `TABLE_NAME` = 'migrations_typeorm'
[2022-03-09T05:12:02.803Z][QUERY]: SELECT * FROM `capilog_database`.`migrations_typeorm` `migrations_typeorm` ORDER BY `id` DESC
[2022-03-09T05:15:19.392Z][QUERY]: SELECT * FROM `INFORMATION_SCHEMA`.`COLUMNS` WHERE `TABLE_SCHEMA` = 'capilog_database' AND `TABLE_NAME` = 'migrations_typeorm'
[2022-03-09T05:15:19.405Z][QUERY]: SELECT * FROM `capilog_database`.`migrations_typeorm` `migrations_typeorm` ORDER BY `id` DESC
[2022-03-09T05:15:37.464Z][QUERY]: SELECT * FROM `INFORMATION_SCHEMA`.`COLUMNS` WHERE `TABLE_SCHEMA` = 'capilog_database' AND `TABLE_NAME` = 'migrations_typeorm'
[2022-03-09T05:15:37.477Z][QUERY]: SELECT * FROM `capilog_database`.`migrations_typeorm` `migrations_typeorm` ORDER BY `id` DESC
[2022-03-09T05:15:46.685Z][QUERY]: SELECT * FROM `INFORMATION_SCHEMA`.`COLUMNS` WHERE `TABLE_SCHEMA` = 'capilog_database' AND `TABLE_NAME` = 'migrations_typeorm'
[2022-03-09T05:15:46.902Z][QUERY]: SELECT * FROM `capilog_database`.`migrations_typeorm` `migrations_typeorm` ORDER BY `id` DESC
[2022-03-09T05:16:18.507Z][QUERY]: SELECT * FROM `INFORMATION_SCHEMA`.`COLUMNS` WHERE `TABLE_SCHEMA` = 'capilog_database' AND `TABLE_NAME` = 'migrations_typeorm'
[2022-03-09T05:16:18.601Z][QUERY]: SELECT * FROM `capilog_database`.`migrations_typeorm` `migrations_typeorm` ORDER BY `id` DESC
[2022-03-09T05:17:12.280Z][QUERY]: SELECT * FROM `INFORMATION_SCHEMA`.`COLUMNS` WHERE `TABLE_SCHEMA` = 'capilog_database' AND `TABLE_NAME` = 'migrations_typeorm'
[2022-03-09T05:17:12.299Z][QUERY]: SELECT * FROM `capilog_database`.`migrations_typeorm` `migrations_typeorm` ORDER BY `id` DESC
[2022-03-09T05:17:48.654Z][QUERY]: SELECT * FROM `INFORMATION_SCHEMA`.`COLUMNS` WHERE `TABLE_SCHEMA` = 'capilog_database' AND `TABLE_NAME` = 'migrations_typeorm'
[2022-03-09T05:17:48.666Z][QUERY]: SELECT * FROM `capilog_database`.`migrations_typeorm` `migrations_typeorm` ORDER BY `id` DESC
[2022-03-09T05:18:37.364Z][QUERY]: SELECT * FROM `INFORMATION_SCHEMA`.`COLUMNS` WHERE `TABLE_SCHEMA` = 'capilog_database' AND `TABLE_NAME` = 'migrations_typeorm'
[2022-03-09T05:18:37.378Z][QUERY]: SELECT * FROM `capilog_database`.`migrations_typeorm` `migrations_typeorm` ORDER BY `id` DESC
[2022-03-09T05:18:58.821Z][QUERY]: SELECT * FROM `INFORMATION_SCHEMA`.`COLUMNS` WHERE `TABLE_SCHEMA` = 'capilog_database' AND `TABLE_NAME` = 'migrations_typeorm'
[2022-03-09T05:18:58.834Z][QUERY]: SELECT * FROM `capilog_database`.`migrations_typeorm` `migrations_typeorm` ORDER BY `id` DESC
[2022-03-09T05:19:04.453Z][QUERY]: SELECT * FROM `INFORMATION_SCHEMA`.`COLUMNS` WHERE `TABLE_SCHEMA` = 'capilog_database' AND `TABLE_NAME` = 'migrations_typeorm'
[2022-03-09T05:19:04.466Z][QUERY]: SELECT * FROM `capilog_database`.`migrations_typeorm` `migrations_typeorm` ORDER BY `id` DESC
[2022-03-09T05:19:48.345Z][QUERY]: SELECT * FROM `INFORMATION_SCHEMA`.`COLUMNS` WHERE `TABLE_SCHEMA` = 'capilog_database' AND `TABLE_NAME` = 'migrations_typeorm'
[2022-03-09T05:19:48.357Z][QUERY]: SELECT * FROM `capilog_database`.`migrations_typeorm` `migrations_typeorm` ORDER BY `id` DESC
[2022-03-09T05:21:46.913Z][QUERY]: SELECT * FROM `INFORMATION_SCHEMA`.`COLUMNS` WHERE `TABLE_SCHEMA` = 'capilog_database' AND `TABLE_NAME` = 'migrations_typeorm'
[2022-03-09T05:21:46.926Z][QUERY]: SELECT * FROM `capilog_database`.`migrations_typeorm` `migrations_typeorm` ORDER BY `id` DESC
[2022-03-09T05:23:32.620Z][QUERY]: SELECT * FROM `INFORMATION_SCHEMA`.`COLUMNS` WHERE `TABLE_SCHEMA` = 'capilog_database' AND `TABLE_NAME` = 'migrations_typeorm'
[2022-03-09T05:23:32.633Z][QUERY]: SELECT * FROM `capilog_database`.`migrations_typeorm` `migrations_typeorm` ORDER BY `id` DESC
[2022-03-09T05:24:48.707Z][QUERY]: SELECT * FROM `INFORMATION_SCHEMA`.`COLUMNS` WHERE `TABLE_SCHEMA` = 'capilog_database' AND `TABLE_NAME` = 'migrations_typeorm'
[2022-03-09T05:24:48.719Z][QUERY]: SELECT * FROM `capilog_database`.`migrations_typeorm` `migrations_typeorm` ORDER BY `id` DESC
[2022-03-09T05:24:51.482Z][QUERY]: SELECT `user`.`dni` AS `user_dni`, `user`.`name` AS `user_name`, `user`.`lastname` AS `user_lastname`, `user`.`phone` AS `user_phone`, `user`.`email` AS `user_email`, `user`.`createdAt` AS `user_createdAt`, `user`.`updatedAt` AS `user_updatedAt`, `user`.`role` AS `user_role`, `user`.`farm` AS `user_farm`, `user`.`password` AS `user_password`, `user`.`password` FROM `users` `user` WHERE `user`.`dni` = ? -- PARAMETERS: ["1"]
[2022-03-09T05:25:48.484Z][QUERY]: SELECT `user`.`dni` AS `user_dni`, `user`.`name` AS `user_name`, `user`.`lastname` AS `user_lastname`, `user`.`phone` AS `user_phone`, `user`.`email` AS `user_email`, `user`.`createdAt` AS `user_createdAt`, `user`.`updatedAt` AS `user_updatedAt`, `user`.`role` AS `user_role`, `user`.`farm` AS `user_farm`, `user`.`password` AS `user_password`, `user`.`password` FROM `users` `user` WHERE `user`.`dni` = ? -- PARAMETERS: ["1"]
[2022-03-09T05:26:04.623Z][QUERY]: SELECT `User`.`dni` AS `User_dni`, `User`.`name` AS `User_name`, `User`.`lastname` AS `User_lastname`, `User`.`phone` AS `User_phone`, `User`.`email` AS `User_email`, `User`.`createdAt` AS `User_createdAt`, `User`.`updatedAt` AS `User_updatedAt`, `User`.`role` AS `User_role`, `User`.`farm` AS `User_farm`, `User__role`.`id` AS `User__role_id`, `User__role`.`role` AS `User__role_role`, `User__farm`.`idFarm` AS `User__farm_idFarm`, `User__farm`.`farm` AS `User__farm_farm`, `User__farm`.`location` AS `User__farm_location`, `User__farm`.`createdAt` AS `User__farm_createdAt`, `User__farm`.`updatedAt` AS `User__farm_updatedAt` FROM `users` `User` LEFT JOIN `roles` `User__role` ON `User__role`.`id`=`User`.`role`  LEFT JOIN `farms` `User__farm` ON `User__farm`.`idFarm`=`User`.`farm` WHERE `User`.`dni` IN (?) -- PARAMETERS: ["1"]
[2022-03-09T05:26:04.635Z][QUERY]: SELECT `User`.`dni` AS `User_dni`, `User`.`name` AS `User_name`, `User`.`lastname` AS `User_lastname`, `User`.`phone` AS `User_phone`, `User`.`email` AS `User_email`, `User`.`createdAt` AS `User_createdAt`, `User`.`updatedAt` AS `User_updatedAt`, `User`.`role` AS `User_role`, `User`.`farm` AS `User_farm` FROM `users` `User` LIMIT 10
[2022-03-09T05:26:04.643Z][QUERY]: SELECT COUNT(1) AS `cnt` FROM `users` `User`
[2022-03-09T05:26:17.428Z][QUERY]: SELECT `User`.`dni` AS `User_dni`, `User`.`name` AS `User_name`, `User`.`lastname` AS `User_lastname`, `User`.`phone` AS `User_phone`, `User`.`email` AS `User_email`, `User`.`createdAt` AS `User_createdAt`, `User`.`updatedAt` AS `User_updatedAt`, `User`.`role` AS `User_role`, `User`.`farm` AS `User_farm`, `User__role`.`id` AS `User__role_id`, `User__role`.`role` AS `User__role_role`, `User__farm`.`idFarm` AS `User__farm_idFarm`, `User__farm`.`farm` AS `User__farm_farm`, `User__farm`.`location` AS `User__farm_location`, `User__farm`.`createdAt` AS `User__farm_createdAt`, `User__farm`.`updatedAt` AS `User__farm_updatedAt` FROM `users` `User` LEFT JOIN `roles` `User__role` ON `User__role`.`id`=`User`.`role`  LEFT JOIN `farms` `User__farm` ON `User__farm`.`idFarm`=`User`.`farm` WHERE `User`.`dni` IN (?) -- PARAMETERS: ["1"]
[2022-03-09T05:26:17.437Z][QUERY]: SELECT `User`.`dni` AS `User_dni`, `User`.`name` AS `User_name`, `User`.`lastname` AS `User_lastname`, `User`.`phone` AS `User_phone`, `User`.`email` AS `User_email`, `User`.`createdAt` AS `User_createdAt`, `User`.`updatedAt` AS `User_updatedAt`, `User`.`role` AS `User_role`, `User`.`farm` AS `User_farm`, `User__role`.`id` AS `User__role_id`, `User__role`.`role` AS `User__role_role`, `User__farm`.`idFarm` AS `User__farm_idFarm`, `User__farm`.`farm` AS `User__farm_farm`, `User__farm`.`location` AS `User__farm_location`, `User__farm`.`createdAt` AS `User__farm_createdAt`, `User__farm`.`updatedAt` AS `User__farm_updatedAt` FROM `users` `User` LEFT JOIN `roles` `User__role` ON `User__role`.`id`=`User`.`role`  LEFT JOIN `farms` `User__farm` ON `User__farm`.`idFarm`=`User`.`farm` WHERE `User`.`dni` IN (?) -- PARAMETERS: ["1"]
[2022-03-09T05:26:27.824Z][QUERY]: SELECT `User`.`dni` AS `User_dni`, `User`.`name` AS `User_name`, `User`.`lastname` AS `User_lastname`, `User`.`phone` AS `User_phone`, `User`.`email` AS `User_email`, `User`.`createdAt` AS `User_createdAt`, `User`.`updatedAt` AS `User_updatedAt`, `User`.`role` AS `User_role`, `User`.`farm` AS `User_farm`, `User__role`.`id` AS `User__role_id`, `User__role`.`role` AS `User__role_role`, `User__farm`.`idFarm` AS `User__farm_idFarm`, `User__farm`.`farm` AS `User__farm_farm`, `User__farm`.`location` AS `User__farm_location`, `User__farm`.`createdAt` AS `User__farm_createdAt`, `User__farm`.`updatedAt` AS `User__farm_updatedAt` FROM `users` `User` LEFT JOIN `roles` `User__role` ON `User__role`.`id`=`User`.`role`  LEFT JOIN `farms` `User__farm` ON `User__farm`.`idFarm`=`User`.`farm` WHERE `User`.`dni` IN (?) -- PARAMETERS: ["1"]
[2022-03-09T05:26:36.195Z][QUERY]: SELECT `User`.`dni` AS `User_dni`, `User`.`name` AS `User_name`, `User`.`lastname` AS `User_lastname`, `User`.`phone` AS `User_phone`, `User`.`email` AS `User_email`, `User`.`createdAt` AS `User_createdAt`, `User`.`updatedAt` AS `User_updatedAt`, `User`.`role` AS `User_role`, `User`.`farm` AS `User_farm`, `User__role`.`id` AS `User__role_id`, `User__role`.`role` AS `User__role_role`, `User__farm`.`idFarm` AS `User__farm_idFarm`, `User__farm`.`farm` AS `User__farm_farm`, `User__farm`.`location` AS `User__farm_location`, `User__farm`.`createdAt` AS `User__farm_createdAt`, `User__farm`.`updatedAt` AS `User__farm_updatedAt` FROM `users` `User` LEFT JOIN `roles` `User__role` ON `User__role`.`id`=`User`.`role`  LEFT JOIN `farms` `User__farm` ON `User__farm`.`idFarm`=`User`.`farm` WHERE `User`.`dni` IN (?) -- PARAMETERS: ["1"]
[2022-03-09T05:26:36.202Z][QUERY]: SELECT `User`.`dni` AS `User_dni`, `User`.`name` AS `User_name`, `User`.`lastname` AS `User_lastname`, `User`.`phone` AS `User_phone`, `User`.`email` AS `User_email`, `User`.`createdAt` AS `User_createdAt`, `User`.`updatedAt` AS `User_updatedAt`, `User`.`role` AS `User_role`, `User`.`farm` AS `User_farm` FROM `users` `User` LIMIT 10
[2022-03-09T05:26:36.203Z][QUERY]: SELECT COUNT(1) AS `cnt` FROM `users` `User`
[2022-03-09T05:26:37.630Z][QUERY]: SELECT `User`.`dni` AS `User_dni`, `User`.`name` AS `User_name`, `User`.`lastname` AS `User_lastname`, `User`.`phone` AS `User_phone`, `User`.`email` AS `User_email`, `User`.`createdAt` AS `User_createdAt`, `User`.`updatedAt` AS `User_updatedAt`, `User`.`role` AS `User_role`, `User`.`farm` AS `User_farm`, `User__role`.`id` AS `User__role_id`, `User__role`.`role` AS `User__role_role`, `User__farm`.`idFarm` AS `User__farm_idFarm`, `User__farm`.`farm` AS `User__farm_farm`, `User__farm`.`location` AS `User__farm_location`, `User__farm`.`createdAt` AS `User__farm_createdAt`, `User__farm`.`updatedAt` AS `User__farm_updatedAt` FROM `users` `User` LEFT JOIN `roles` `User__role` ON `User__role`.`id`=`User`.`role`  LEFT JOIN `farms` `User__farm` ON `User__farm`.`idFarm`=`User`.`farm` WHERE `User`.`dni` IN (?) -- PARAMETERS: ["1"]
[2022-03-09T05:26:37.638Z][QUERY]: SELECT `User`.`dni` AS `User_dni`, `User`.`name` AS `User_name`, `User`.`lastname` AS `User_lastname`, `User`.`phone` AS `User_phone`, `User`.`email` AS `User_email`, `User`.`createdAt` AS `User_createdAt`, `User`.`updatedAt` AS `User_updatedAt`, `User`.`role` AS `User_role`, `User`.`farm` AS `User_farm` FROM `users` `User` LIMIT 10
[2022-03-09T05:26:37.640Z][QUERY]: SELECT COUNT(1) AS `cnt` FROM `users` `User`
[2022-03-09T05:26:38.648Z][QUERY]: SELECT `User`.`dni` AS `User_dni`, `User`.`name` AS `User_name`, `User`.`lastname` AS `User_lastname`, `User`.`phone` AS `User_phone`, `User`.`email` AS `User_email`, `User`.`createdAt` AS `User_createdAt`, `User`.`updatedAt` AS `User_updatedAt`, `User`.`role` AS `User_role`, `User`.`farm` AS `User_farm`, `User__role`.`id` AS `User__role_id`, `User__role`.`role` AS `User__role_role`, `User__farm`.`idFarm` AS `User__farm_idFarm`, `User__farm`.`farm` AS `User__farm_farm`, `User__farm`.`location` AS `User__farm_location`, `User__farm`.`createdAt` AS `User__farm_createdAt`, `User__farm`.`updatedAt` AS `User__farm_updatedAt` FROM `users` `User` LEFT JOIN `roles` `User__role` ON `User__role`.`id`=`User`.`role`  LEFT JOIN `farms` `User__farm` ON `User__farm`.`idFarm`=`User`.`farm` WHERE `User`.`dni` IN (?) -- PARAMETERS: ["1"]
[2022-03-09T05:26:38.656Z][QUERY]: SELECT `User`.`dni` AS `User_dni`, `User`.`name` AS `User_name`, `User`.`lastname` AS `User_lastname`, `User`.`phone` AS `User_phone`, `User`.`email` AS `User_email`, `User`.`createdAt` AS `User_createdAt`, `User`.`updatedAt` AS `User_updatedAt`, `User`.`role` AS `User_role`, `User`.`farm` AS `User_farm` FROM `users` `User` LIMIT 10
[2022-03-09T05:26:38.657Z][QUERY]: SELECT COUNT(1) AS `cnt` FROM `users` `User`
[2022-03-09T05:27:19.701Z][QUERY]: SELECT `User`.`dni` AS `User_dni`, `User`.`name` AS `User_name`, `User`.`lastname` AS `User_lastname`, `User`.`phone` AS `User_phone`, `User`.`email` AS `User_email`, `User`.`createdAt` AS `User_createdAt`, `User`.`updatedAt` AS `User_updatedAt`, `User`.`role` AS `User_role`, `User`.`farm` AS `User_farm`, `User__role`.`id` AS `User__role_id`, `User__role`.`role` AS `User__role_role`, `User__farm`.`idFarm` AS `User__farm_idFarm`, `User__farm`.`farm` AS `User__farm_farm`, `User__farm`.`location` AS `User__farm_location`, `User__farm`.`createdAt` AS `User__farm_createdAt`, `User__farm`.`updatedAt` AS `User__farm_updatedAt` FROM `users` `User` LEFT JOIN `roles` `User__role` ON `User__role`.`id`=`User`.`role`  LEFT JOIN `farms` `User__farm` ON `User__farm`.`idFarm`=`User`.`farm` WHERE `User`.`dni` IN (?) -- PARAMETERS: ["1"]
[2022-03-09T05:27:21.090Z][QUERY]: SELECT `User`.`dni` AS `User_dni`, `User`.`name` AS `User_name`, `User`.`lastname` AS `User_lastname`, `User`.`phone` AS `User_phone`, `User`.`email` AS `User_email`, `User`.`createdAt` AS `User_createdAt`, `User`.`updatedAt` AS `User_updatedAt`, `User`.`role` AS `User_role`, `User`.`farm` AS `User_farm`, `User__role`.`id` AS `User__role_id`, `User__role`.`role` AS `User__role_role`, `User__farm`.`idFarm` AS `User__farm_idFarm`, `User__farm`.`farm` AS `User__farm_farm`, `User__farm`.`location` AS `User__farm_location`, `User__farm`.`createdAt` AS `User__farm_createdAt`, `User__farm`.`updatedAt` AS `User__farm_updatedAt` FROM `users` `User` LEFT JOIN `roles` `User__role` ON `User__role`.`id`=`User`.`role`  LEFT JOIN `farms` `User__farm` ON `User__farm`.`idFarm`=`User`.`farm` WHERE `User`.`dni` IN (?) -- PARAMETERS: ["1"]
[2022-03-09T05:28:18.022Z][QUERY]: SELECT * FROM `INFORMATION_SCHEMA`.`COLUMNS` WHERE `TABLE_SCHEMA` = 'capilog_database' AND `TABLE_NAME` = 'migrations_typeorm'
[2022-03-09T05:28:18.033Z][QUERY]: SELECT * FROM `capilog_database`.`migrations_typeorm` `migrations_typeorm` ORDER BY `id` DESC
[2022-03-09T05:28:19.228Z][QUERY]: SELECT `User`.`dni` AS `User_dni`, `User`.`name` AS `User_name`, `User`.`lastname` AS `User_lastname`, `User`.`phone` AS `User_phone`, `User`.`email` AS `User_email`, `User`.`createdAt` AS `User_createdAt`, `User`.`updatedAt` AS `User_updatedAt`, `User`.`role` AS `User_role`, `User`.`farm` AS `User_farm`, `User__role`.`id` AS `User__role_id`, `User__role`.`role` AS `User__role_role`, `User__farm`.`idFarm` AS `User__farm_idFarm`, `User__farm`.`farm` AS `User__farm_farm`, `User__farm`.`location` AS `User__farm_location`, `User__farm`.`createdAt` AS `User__farm_createdAt`, `User__farm`.`updatedAt` AS `User__farm_updatedAt` FROM `users` `User` LEFT JOIN `roles` `User__role` ON `User__role`.`id`=`User`.`role`  LEFT JOIN `farms` `User__farm` ON `User__farm`.`idFarm`=`User`.`farm` WHERE `User`.`dni` IN (?) -- PARAMETERS: ["1"]
[2022-03-09T05:29:10.799Z][QUERY]: SELECT * FROM `INFORMATION_SCHEMA`.`COLUMNS` WHERE `TABLE_SCHEMA` = 'capilog_database' AND `TABLE_NAME` = 'migrations_typeorm'
[2022-03-09T05:29:10.813Z][QUERY]: SELECT * FROM `capilog_database`.`migrations_typeorm` `migrations_typeorm` ORDER BY `id` DESC
[2022-03-09T05:29:23.153Z][QUERY]: SELECT * FROM `INFORMATION_SCHEMA`.`COLUMNS` WHERE `TABLE_SCHEMA` = 'capilog_database' AND `TABLE_NAME` = 'migrations_typeorm'
[2022-03-09T05:29:23.169Z][QUERY]: SELECT * FROM `capilog_database`.`migrations_typeorm` `migrations_typeorm` ORDER BY `id` DESC
[2022-03-09T05:29:27.486Z][QUERY]: SELECT * FROM `INFORMATION_SCHEMA`.`COLUMNS` WHERE `TABLE_SCHEMA` = 'capilog_database' AND `TABLE_NAME` = 'migrations_typeorm'
[2022-03-09T05:29:27.500Z][QUERY]: SELECT * FROM `capilog_database`.`migrations_typeorm` `migrations_typeorm` ORDER BY `id` DESC
[2022-03-09T05:29:30.124Z][QUERY]: SELECT `user`.`dni` AS `user_dni`, `user`.`name` AS `user_name`, `user`.`lastname` AS `user_lastname`, `user`.`phone` AS `user_phone`, `user`.`email` AS `user_email`, `user`.`createdAt` AS `user_createdAt`, `user`.`updatedAt` AS `user_updatedAt`, `user`.`role` AS `user_role`, `user`.`farm` AS `user_farm`, `user`.`password` AS `user_password`, `user`.`password` FROM `users` `user` WHERE `user`.`dni` = ? -- PARAMETERS: ["1"]
[2022-03-09T05:29:43.067Z][QUERY]: SELECT `User`.`dni` AS `User_dni`, `User`.`name` AS `User_name`, `User`.`lastname` AS `User_lastname`, `User`.`phone` AS `User_phone`, `User`.`email` AS `User_email`, `User`.`createdAt` AS `User_createdAt`, `User`.`updatedAt` AS `User_updatedAt`, `User`.`role` AS `User_role`, `User`.`farm` AS `User_farm`, `User__role`.`id` AS `User__role_id`, `User__role`.`role` AS `User__role_role`, `User__farm`.`idFarm` AS `User__farm_idFarm`, `User__farm`.`farm` AS `User__farm_farm`, `User__farm`.`location` AS `User__farm_location`, `User__farm`.`createdAt` AS `User__farm_createdAt`, `User__farm`.`updatedAt` AS `User__farm_updatedAt` FROM `users` `User` LEFT JOIN `roles` `User__role` ON `User__role`.`id`=`User`.`role`  LEFT JOIN `farms` `User__farm` ON `User__farm`.`idFarm`=`User`.`farm` WHERE `User`.`dni` IN (?) -- PARAMETERS: ["1"]
[2022-03-09T05:29:43.079Z][QUERY]: SELECT `User`.`dni` AS `User_dni`, `User`.`name` AS `User_name`, `User`.`lastname` AS `User_lastname`, `User`.`phone` AS `User_phone`, `User`.`email` AS `User_email`, `User`.`createdAt` AS `User_createdAt`, `User`.`updatedAt` AS `User_updatedAt`, `User`.`role` AS `User_role`, `User`.`farm` AS `User_farm` FROM `users` `User` LIMIT 10
[2022-03-09T05:29:43.085Z][QUERY]: SELECT COUNT(1) AS `cnt` FROM `users` `User`
[2022-03-09T05:29:44.230Z][QUERY]: SELECT `User`.`dni` AS `User_dni`, `User`.`name` AS `User_name`, `User`.`lastname` AS `User_lastname`, `User`.`phone` AS `User_phone`, `User`.`email` AS `User_email`, `User`.`createdAt` AS `User_createdAt`, `User`.`updatedAt` AS `User_updatedAt`, `User`.`role` AS `User_role`, `User`.`farm` AS `User_farm`, `User__role`.`id` AS `User__role_id`, `User__role`.`role` AS `User__role_role`, `User__farm`.`idFarm` AS `User__farm_idFarm`, `User__farm`.`farm` AS `User__farm_farm`, `User__farm`.`location` AS `User__farm_location`, `User__farm`.`createdAt` AS `User__farm_createdAt`, `User__farm`.`updatedAt` AS `User__farm_updatedAt` FROM `users` `User` LEFT JOIN `roles` `User__role` ON `User__role`.`id`=`User`.`role`  LEFT JOIN `farms` `User__farm` ON `User__farm`.`idFarm`=`User`.`farm` WHERE `User`.`dni` IN (?) -- PARAMETERS: ["1"]
[2022-03-09T05:29:44.238Z][QUERY]: SELECT `User`.`dni` AS `User_dni`, `User`.`name` AS `User_name`, `User`.`lastname` AS `User_lastname`, `User`.`phone` AS `User_phone`, `User`.`email` AS `User_email`, `User`.`createdAt` AS `User_createdAt`, `User`.`updatedAt` AS `User_updatedAt`, `User`.`role` AS `User_role`, `User`.`farm` AS `User_farm` FROM `users` `User` LIMIT 10
[2022-03-09T05:29:44.240Z][QUERY]: SELECT COUNT(1) AS `cnt` FROM `users` `User`
[2022-03-09T05:29:51.340Z][QUERY]: SELECT `User`.`dni` AS `User_dni`, `User`.`name` AS `User_name`, `User`.`lastname` AS `User_lastname`, `User`.`phone` AS `User_phone`, `User`.`email` AS `User_email`, `User`.`createdAt` AS `User_createdAt`, `User`.`updatedAt` AS `User_updatedAt`, `User`.`role` AS `User_role`, `User`.`farm` AS `User_farm`, `User__role`.`id` AS `User__role_id`, `User__role`.`role` AS `User__role_role`, `User__farm`.`idFarm` AS `User__farm_idFarm`, `User__farm`.`farm` AS `User__farm_farm`, `User__farm`.`location` AS `User__farm_location`, `User__farm`.`createdAt` AS `User__farm_createdAt`, `User__farm`.`updatedAt` AS `User__farm_updatedAt` FROM `users` `User` LEFT JOIN `roles` `User__role` ON `User__role`.`id`=`User`.`role`  LEFT JOIN `farms` `User__farm` ON `User__farm`.`idFarm`=`User`.`farm` WHERE `User`.`dni` IN (?) -- PARAMETERS: ["1"]
[2022-03-09T05:30:11.135Z][QUERY]: SELECT * FROM `INFORMATION_SCHEMA`.`COLUMNS` WHERE `TABLE_SCHEMA` = 'capilog_database' AND `TABLE_NAME` = 'migrations_typeorm'
[2022-03-09T05:30:11.148Z][QUERY]: SELECT * FROM `capilog_database`.`migrations_typeorm` `migrations_typeorm` ORDER BY `id` DESC
[2022-03-09T05:31:06.935Z][QUERY]: SELECT * FROM `INFORMATION_SCHEMA`.`COLUMNS` WHERE `TABLE_SCHEMA` = 'capilog_database' AND `TABLE_NAME` = 'migrations_typeorm'
[2022-03-09T05:31:06.962Z][QUERY]: SELECT * FROM `capilog_database`.`migrations_typeorm` `migrations_typeorm` ORDER BY `id` DESC
